<?xml version="1.0" encoding="UTF-8"?>
<!-- Generated by org.testng.reporters.JUnitReportReporter -->
<testsuite hostname="Senthil" failures="0" tests="1" name="com.pomacademy.qa.testcases.MyAccountPageTest" time="12.600" errors="0" timestamp="06 Aug 2019 07:48:48 GMT" skipped="0">
  <testcase classname="com.pomacademy.qa.testcases.MyAccountPageTest" name="MyAccountPageTitleTest" time="12.600"/>
</testsuite> <!-- com.pomacademy.qa.testcases.MyAccountPageTest -->
