<?xml version="1.0" encoding="UTF-8"?>
<!-- Generated by org.testng.reporters.JUnitReportReporter -->
<testsuite hostname="Senthil" failures="0" tests="1" name="com.pomacademy.qa.testcases.HomePageTest" time="39.755" errors="0" timestamp="07 Aug 2019 08:30:56 GMT" skipped="0">
  <testcase classname="com.pomacademy.qa.testcases.HomePageTest" name="HomePageTitleTest" time="39.755"/>
</testsuite> <!-- com.pomacademy.qa.testcases.HomePageTest -->
