<?xml version="1.0" encoding="UTF-8"?>
<!-- Generated by org.testng.reporters.JUnitReportReporter -->
<testsuite hostname="Senthil" failures="0" tests="1" name="com.pomacademy.qa.testcases.MyAccountPageTest" time="26.473" errors="0" timestamp="07 Aug 2019 08:30:56 GMT" skipped="0">
  <testcase classname="com.pomacademy.qa.testcases.MyAccountPageTest" name="MyAccountPageTitleTest" time="26.473"/>
</testsuite> <!-- com.pomacademy.qa.testcases.MyAccountPageTest -->
